  DirectXManager.cpp
  imgui.cpp
  imgui_demo.cpp
  imgui_draw.cpp
  imgui_impl_dx12.cpp
  imgui_impl_win32.cpp
  imgui_tables.cpp
  imgui_widgets.cpp
  Input.cpp
  Logger.cpp
  main.cpp
  Easing.cpp
  function.cpp
  Model.cpp
  ModelLoader.cpp
  ModelManager.cpp
  Object3d.cpp
  Object3dManager.cpp
  Sprite.cpp
  SpriteManager.cpp
  StringUtility.cpp
  TextureManager.cpp
  WindowManager.cpp
  CG2.vcxproj -> C:\Users\kawah\Desktop\kamata\2年前期\GE3\project\x64\Debug\GE3.exe
          1 個のファイルをコピーしました。
          1 個のファイルをコピーしました。
